<?xml version="1.0" encoding="UTF-8"?>
<testng-results skipped="0" failed="0" ignored="0" total="1" passed="1">
  <reporter-output>
  </reporter-output>
  <suite name="Default suite" duration-ms="21311" started-at="2020-10-12T09:34:15 IST" finished-at="2020-10-12T09:34:36 IST">
    <groups>
    </groups>
    <test name="Default test" duration-ms="21311" started-at="2020-10-12T09:34:15 IST" finished-at="2020-10-12T09:34:36 IST">
      <class name="testCases.LoginAppliction">
        <test-method status="PASS" signature="Login()[pri:0, instance:testCases.LoginAppliction@68bbe345]" name="Login" duration-ms="21268" started-at="2020-10-12T09:34:15 IST" finished-at="2020-10-12T09:34:36 IST">
          <reporter-output>
          </reporter-output>
        </test-method> <!-- Login -->
      </class> <!-- testCases.LoginAppliction -->
    </test> <!-- Default test -->
  </suite> <!-- Default suite -->
</testng-results>
